  [1m[36m (0.9ms)[0m  [1mCREATE TABLE "authors" ("id" INTEGER PRIMARY KEY AUTOINCREMENT NOT NULL, "name" varchar, "genre" varchar, "bio" text, "created_at" datetime NOT NULL, "updated_at" datetime NOT NULL) [0m
  [1m[35m (0.6ms)[0m  CREATE TABLE "posts" ("id" INTEGER PRIMARY KEY AUTOINCREMENT NOT NULL, "title" varchar, "description" text, "created_at" datetime NOT NULL, "updated_at" datetime NOT NULL, "post_status" boolean, "author_id" integer) 
  [1m[36m (0.8ms)[0m  [1mCREATE TABLE "schema_migrations" ("version" varchar NOT NULL) [0m
  [1m[35m (0.4ms)[0m  select sqlite_version(*)
  [1m[36m (0.6ms)[0m  [1mCREATE UNIQUE INDEX "unique_schema_migrations" ON "schema_migrations" ("version")[0m
  [1m[35m (0.1ms)[0m  SELECT version FROM "schema_migrations"
  [1m[36m (0.5ms)[0m  [1mINSERT INTO "schema_migrations" (version) VALUES ('20160113011820')[0m
  [1m[35m (0.9ms)[0m  INSERT INTO "schema_migrations" (version) VALUES ('20151230232412')
  [1m[36m (0.6ms)[0m  [1mINSERT INTO "schema_migrations" (version) VALUES ('20160113011041')[0m
  [1m[35m (0.6ms)[0m  INSERT INTO "schema_migrations" (version) VALUES ('20160113011150')
  [1m[36m (0.7ms)[0m  [1mCREATE TABLE "authors" ("id" INTEGER PRIMARY KEY AUTOINCREMENT NOT NULL, "name" varchar, "genre" varchar, "bio" text, "created_at" datetime NOT NULL, "updated_at" datetime NOT NULL) [0m
  [1m[35m (0.6ms)[0m  CREATE TABLE "posts" ("id" INTEGER PRIMARY KEY AUTOINCREMENT NOT NULL, "title" varchar, "description" text, "created_at" datetime NOT NULL, "updated_at" datetime NOT NULL, "post_status" boolean, "author_id" integer) 
  [1m[36m (0.6ms)[0m  [1mCREATE TABLE "schema_migrations" ("version" varchar NOT NULL) [0m
  [1m[35m (0.0ms)[0m  select sqlite_version(*)
  [1m[36m (0.6ms)[0m  [1mCREATE UNIQUE INDEX "unique_schema_migrations" ON "schema_migrations" ("version")[0m
  [1m[35m (0.1ms)[0m  SELECT version FROM "schema_migrations"
  [1m[36m (0.6ms)[0m  [1mINSERT INTO "schema_migrations" (version) VALUES ('20160113011820')[0m
  [1m[35m (0.7ms)[0m  INSERT INTO "schema_migrations" (version) VALUES ('20151230232412')
  [1m[36m (0.6ms)[0m  [1mINSERT INTO "schema_migrations" (version) VALUES ('20160113011041')[0m
  [1m[35m (0.6ms)[0m  INSERT INTO "schema_migrations" (version) VALUES ('20160113011150')
  [1m[36mActiveRecord::SchemaMigration Load (0.1ms)[0m  [1mSELECT "schema_migrations".* FROM "schema_migrations"[0m
  [1m[36m (0.1ms)[0m  [1mbegin transaction[0m
  [1m[35m (0.1ms)[0m  rollback transaction
  [1m[36m (0.1ms)[0m  [1mbegin transaction[0m
  [1m[35mSQL (0.4ms)[0m  INSERT INTO "posts" ("title", "description", "created_at", "updated_at") VALUES (?, ?, ?, ?)  [["title", "Testing"], ["description", "testing"], ["created_at", "2016-01-26 15:06:03.106369"], ["updated_at", "2016-01-26 15:06:03.106369"]]
  [1m[36m (0.7ms)[0m  [1mcommit transaction[0m
Started GET "/posts/new" for ::1 at 2021-10-04 10:28:18 -0400
  [1m[36mActiveRecord::SchemaMigration Load (0.5ms)[0m  [1m[34mSELECT "schema_migrations".* FROM "schema_migrations"[0m
Processing by PostsController#new as HTML
  Rendering posts/new.html.erb within layouts/application
  Rendered posts/new.html.erb within layouts/application (22.3ms)
Completed 200 OK in 1257ms (Views: 1229.2ms | ActiveRecord: 0.4ms)


Started GET "/posts/1" for ::1 at 2021-10-04 10:28:24 -0400
Processing by PostsController#show as HTML
  Parameters: {"id"=>"1"}
  [1m[36mPost Load (0.8ms)[0m  [1m[34mSELECT  "posts".* FROM "posts" WHERE "posts"."id" = ? LIMIT ?[0m  [["id", 1], ["LIMIT", 1]]
  Rendering posts/show.html.erb within layouts/application
  Rendered posts/show.html.erb within layouts/application (0.6ms)
Completed 200 OK in 32ms (Views: 26.8ms | ActiveRecord: 0.8ms)


Started GET "/posts/1" for ::1 at 2021-10-04 10:43:10 -0400
Processing by PostsController#show as HTML
  Parameters: {"id"=>"1"}
  [1m[36mPost Load (0.1ms)[0m  [1m[34mSELECT  "posts".* FROM "posts" WHERE "posts"."id" = ? LIMIT ?[0m  [["id", 1], ["LIMIT", 1]]
  Rendering posts/show.html.erb within layouts/application
  Rendered posts/show.html.erb within layouts/application (0.4ms)
Completed 200 OK in 33ms (Views: 18.1ms | ActiveRecord: 0.7ms)


Started GET "/posts" for ::1 at 2021-10-04 10:43:15 -0400
Processing by PostsController#index as HTML
  Rendering posts/index.html.erb within layouts/application
  [1m[36mPost Load (0.1ms)[0m  [1m[34mSELECT "posts".* FROM "posts"[0m
  Rendered posts/index.html.erb within layouts/application (1.4ms)
Completed 200 OK in 15ms (Views: 12.9ms | ActiveRecord: 0.1ms)


Started GET "/posts/new" for ::1 at 2021-10-04 10:43:20 -0400
Processing by PostsController#new as HTML
  Rendering posts/new.html.erb within layouts/application
  Rendered posts/new.html.erb within layouts/application (1.7ms)
Completed 200 OK in 15ms (Views: 13.7ms | ActiveRecord: 0.0ms)


Started GET "/posts/edit" for ::1 at 2021-10-04 10:43:26 -0400
Processing by PostsController#show as HTML
  Parameters: {"id"=>"edit"}
  [1m[36mPost Load (0.1ms)[0m  [1m[34mSELECT  "posts".* FROM "posts" WHERE "posts"."id" = ? LIMIT ?[0m  [["id", 0], ["LIMIT", 1]]
Completed 404 Not Found in 2ms (ActiveRecord: 0.1ms)


  
ActiveRecord::RecordNotFound (Couldn't find Post with 'id'=edit):
  
app/controllers/posts_controller.rb:7:in `show'
  Rendering /Users/cooper.sawyer/.asdf/installs/ruby/2.6.1/lib/ruby/gems/2.6.0/gems/actionpack-5.0.7.1/lib/action_dispatch/middleware/templates/rescues/diagnostics.html.erb within rescues/layout
  Rendering /Users/cooper.sawyer/.asdf/installs/ruby/2.6.1/lib/ruby/gems/2.6.0/gems/actionpack-5.0.7.1/lib/action_dispatch/middleware/templates/rescues/_source.html.erb
  Rendered /Users/cooper.sawyer/.asdf/installs/ruby/2.6.1/lib/ruby/gems/2.6.0/gems/actionpack-5.0.7.1/lib/action_dispatch/middleware/templates/rescues/_source.html.erb (2.1ms)
  Rendering /Users/cooper.sawyer/.asdf/installs/ruby/2.6.1/lib/ruby/gems/2.6.0/gems/actionpack-5.0.7.1/lib/action_dispatch/middleware/templates/rescues/_trace.html.erb
  Rendered /Users/cooper.sawyer/.asdf/installs/ruby/2.6.1/lib/ruby/gems/2.6.0/gems/actionpack-5.0.7.1/lib/action_dispatch/middleware/templates/rescues/_trace.html.erb (1.0ms)
  Rendering /Users/cooper.sawyer/.asdf/installs/ruby/2.6.1/lib/ruby/gems/2.6.0/gems/actionpack-5.0.7.1/lib/action_dispatch/middleware/templates/rescues/_request_and_response.html.erb
  Rendered /Users/cooper.sawyer/.asdf/installs/ruby/2.6.1/lib/ruby/gems/2.6.0/gems/actionpack-5.0.7.1/lib/action_dispatch/middleware/templates/rescues/_request_and_response.html.erb (0.7ms)
  Rendered /Users/cooper.sawyer/.asdf/installs/ruby/2.6.1/lib/ruby/gems/2.6.0/gems/actionpack-5.0.7.1/lib/action_dispatch/middleware/templates/rescues/diagnostics.html.erb within rescues/layout (25.1ms)
DEPRECATION WARNING: Accessing mime types via constants is deprecated. Please change `Mime::HTML` to `Mime[:html]`. (called from acceptable_content_type? at /Users/cooper.sawyer/.asdf/installs/ruby/2.6.1/lib/ruby/gems/2.6.0/gems/web-console-2.3.0/lib/web_console/middleware.rb:58)
  Rendering /Users/cooper.sawyer/.asdf/installs/ruby/2.6.1/lib/ruby/gems/2.6.0/gems/web-console-2.3.0/lib/web_console/templates/index.html.erb
  Rendered /Users/cooper.sawyer/.asdf/installs/ruby/2.6.1/lib/ruby/gems/2.6.0/gems/web-console-2.3.0/lib/web_console/templates/_markup.html.erb (0.3ms)
  Rendering /Users/cooper.sawyer/.asdf/installs/ruby/2.6.1/lib/ruby/gems/2.6.0/gems/web-console-2.3.0/lib/web_console/templates/console.js.erb within layouts/javascript
  Rendering /Users/cooper.sawyer/.asdf/installs/ruby/2.6.1/lib/ruby/gems/2.6.0/gems/web-console-2.3.0/lib/web_console/templates/_inner_console_markup.html.erb within layouts/inlined_string
  Rendered /Users/cooper.sawyer/.asdf/installs/ruby/2.6.1/lib/ruby/gems/2.6.0/gems/web-console-2.3.0/lib/web_console/templates/_inner_console_markup.html.erb within layouts/inlined_string (0.2ms)
  Rendering /Users/cooper.sawyer/.asdf/installs/ruby/2.6.1/lib/ruby/gems/2.6.0/gems/web-console-2.3.0/lib/web_console/templates/_prompt_box_markup.html.erb within layouts/inlined_string
  Rendered /Users/cooper.sawyer/.asdf/installs/ruby/2.6.1/lib/ruby/gems/2.6.0/gems/web-console-2.3.0/lib/web_console/templates/_prompt_box_markup.html.erb within layouts/inlined_string (0.2ms)
  Rendering /Users/cooper.sawyer/.asdf/installs/ruby/2.6.1/lib/ruby/gems/2.6.0/gems/web-console-2.3.0/lib/web_console/templates/style.css.erb within layouts/inlined_string
  Rendered /Users/cooper.sawyer/.asdf/installs/ruby/2.6.1/lib/ruby/gems/2.6.0/gems/web-console-2.3.0/lib/web_console/templates/style.css.erb within layouts/inlined_string (0.3ms)
DEPRECATION WARNING: Accessing mime types via constants is deprecated. Please change `Mime::WEB_CONSOLE_V2` to `Mime[:web_console_v2]`. (called from ___sers_cooper_sawyer__asdf_installs_ruby_______lib_ruby_gems_______gems_web_console_______lib_web_console_templates_console_js_erb__1786781836015088141_70119742877920 at /Users/cooper.sawyer/.asdf/installs/ruby/2.6.1/lib/ruby/gems/2.6.0/gems/web-console-2.3.0/lib/web_console/templates/console.js.erb:491)
  Rendered /Users/cooper.sawyer/.asdf/installs/ruby/2.6.1/lib/ruby/gems/2.6.0/gems/web-console-2.3.0/lib/web_console/templates/console.js.erb within layouts/javascript (22.4ms)
  Rendering /Users/cooper.sawyer/.asdf/installs/ruby/2.6.1/lib/ruby/gems/2.6.0/gems/web-console-2.3.0/lib/web_console/templates/main.js.erb within layouts/javascript
  Rendered /Users/cooper.sawyer/.asdf/installs/ruby/2.6.1/lib/ruby/gems/2.6.0/gems/web-console-2.3.0/lib/web_console/templates/main.js.erb within layouts/javascript (0.2ms)
  Rendering /Users/cooper.sawyer/.asdf/installs/ruby/2.6.1/lib/ruby/gems/2.6.0/gems/web-console-2.3.0/lib/web_console/templates/error_page.js.erb within layouts/javascript
  Rendered /Users/cooper.sawyer/.asdf/installs/ruby/2.6.1/lib/ruby/gems/2.6.0/gems/web-console-2.3.0/lib/web_console/templates/error_page.js.erb within layouts/javascript (0.3ms)
  Rendered /Users/cooper.sawyer/.asdf/installs/ruby/2.6.1/lib/ruby/gems/2.6.0/gems/web-console-2.3.0/lib/web_console/templates/index.html.erb (47.7ms)
Started GET "/posts/" for ::1 at 2021-10-04 10:43:30 -0400
Processing by PostsController#index as HTML
  Rendering posts/index.html.erb within layouts/application
  [1m[36mPost Load (0.1ms)[0m  [1m[34mSELECT "posts".* FROM "posts"[0m
  Rendered posts/index.html.erb within layouts/application (0.9ms)
Completed 200 OK in 12ms (Views: 10.5ms | ActiveRecord: 0.1ms)


Started GET "/posts/" for ::1 at 2021-10-04 10:45:25 -0400
Processing by PostsController#index as HTML
  Rendering posts/index.html.erb within layouts/application
  [1m[36mPost Load (0.2ms)[0m  [1m[34mSELECT "posts".* FROM "posts"[0m
  Rendered posts/index.html.erb within layouts/application (1.3ms)
Completed 200 OK in 14ms (Views: 12.7ms | ActiveRecord: 0.2ms)


Started GET "/posts/3" for ::1 at 2021-10-04 10:45:28 -0400
Processing by PostsController#show as HTML
  Parameters: {"id"=>"3"}
  [1m[36mPost Load (0.1ms)[0m  [1m[34mSELECT  "posts".* FROM "posts" WHERE "posts"."id" = ? LIMIT ?[0m  [["id", 3], ["LIMIT", 1]]
Completed 404 Not Found in 1ms (ActiveRecord: 0.1ms)


  
ActiveRecord::RecordNotFound (Couldn't find Post with 'id'=3):
  
app/controllers/posts_controller.rb:7:in `show'
  Rendering /Users/cooper.sawyer/.asdf/installs/ruby/2.6.1/lib/ruby/gems/2.6.0/gems/actionpack-5.0.7.1/lib/action_dispatch/middleware/templates/rescues/diagnostics.html.erb within rescues/layout
  Rendering /Users/cooper.sawyer/.asdf/installs/ruby/2.6.1/lib/ruby/gems/2.6.0/gems/actionpack-5.0.7.1/lib/action_dispatch/middleware/templates/rescues/_source.html.erb
  Rendered /Users/cooper.sawyer/.asdf/installs/ruby/2.6.1/lib/ruby/gems/2.6.0/gems/actionpack-5.0.7.1/lib/action_dispatch/middleware/templates/rescues/_source.html.erb (1.9ms)
  Rendering /Users/cooper.sawyer/.asdf/installs/ruby/2.6.1/lib/ruby/gems/2.6.0/gems/actionpack-5.0.7.1/lib/action_dispatch/middleware/templates/rescues/_trace.html.erb
  Rendered /Users/cooper.sawyer/.asdf/installs/ruby/2.6.1/lib/ruby/gems/2.6.0/gems/actionpack-5.0.7.1/lib/action_dispatch/middleware/templates/rescues/_trace.html.erb (1.0ms)
  Rendering /Users/cooper.sawyer/.asdf/installs/ruby/2.6.1/lib/ruby/gems/2.6.0/gems/actionpack-5.0.7.1/lib/action_dispatch/middleware/templates/rescues/_request_and_response.html.erb
  Rendered /Users/cooper.sawyer/.asdf/installs/ruby/2.6.1/lib/ruby/gems/2.6.0/gems/actionpack-5.0.7.1/lib/action_dispatch/middleware/templates/rescues/_request_and_response.html.erb (0.5ms)
  Rendered /Users/cooper.sawyer/.asdf/installs/ruby/2.6.1/lib/ruby/gems/2.6.0/gems/actionpack-5.0.7.1/lib/action_dispatch/middleware/templates/rescues/diagnostics.html.erb within rescues/layout (16.7ms)
DEPRECATION WARNING: Accessing mime types via constants is deprecated. Please change `Mime::HTML` to `Mime[:html]`. (called from acceptable_content_type? at /Users/cooper.sawyer/.asdf/installs/ruby/2.6.1/lib/ruby/gems/2.6.0/gems/web-console-2.3.0/lib/web_console/middleware.rb:58)
  Rendering /Users/cooper.sawyer/.asdf/installs/ruby/2.6.1/lib/ruby/gems/2.6.0/gems/web-console-2.3.0/lib/web_console/templates/index.html.erb
  Rendered /Users/cooper.sawyer/.asdf/installs/ruby/2.6.1/lib/ruby/gems/2.6.0/gems/web-console-2.3.0/lib/web_console/templates/_markup.html.erb (0.3ms)
  Rendering /Users/cooper.sawyer/.asdf/installs/ruby/2.6.1/lib/ruby/gems/2.6.0/gems/web-console-2.3.0/lib/web_console/templates/console.js.erb within layouts/javascript
  Rendering /Users/cooper.sawyer/.asdf/installs/ruby/2.6.1/lib/ruby/gems/2.6.0/gems/web-console-2.3.0/lib/web_console/templates/_inner_console_markup.html.erb within layouts/inlined_string
  Rendered /Users/cooper.sawyer/.asdf/installs/ruby/2.6.1/lib/ruby/gems/2.6.0/gems/web-console-2.3.0/lib/web_console/templates/_inner_console_markup.html.erb within layouts/inlined_string (0.2ms)
  Rendering /Users/cooper.sawyer/.asdf/installs/ruby/2.6.1/lib/ruby/gems/2.6.0/gems/web-console-2.3.0/lib/web_console/templates/_prompt_box_markup.html.erb within layouts/inlined_string
  Rendered /Users/cooper.sawyer/.asdf/installs/ruby/2.6.1/lib/ruby/gems/2.6.0/gems/web-console-2.3.0/lib/web_console/templates/_prompt_box_markup.html.erb within layouts/inlined_string (0.2ms)
  Rendering /Users/cooper.sawyer/.asdf/installs/ruby/2.6.1/lib/ruby/gems/2.6.0/gems/web-console-2.3.0/lib/web_console/templates/style.css.erb within layouts/inlined_string
  Rendered /Users/cooper.sawyer/.asdf/installs/ruby/2.6.1/lib/ruby/gems/2.6.0/gems/web-console-2.3.0/lib/web_console/templates/style.css.erb within layouts/inlined_string (0.2ms)
DEPRECATION WARNING: Accessing mime types via constants is deprecated. Please change `Mime::WEB_CONSOLE_V2` to `Mime[:web_console_v2]`. (called from ___sers_cooper_sawyer__asdf_installs_ruby_______lib_ruby_gems_______gems_web_console_______lib_web_console_templates_console_js_erb__1786781836015088141_70119747942380 at /Users/cooper.sawyer/.asdf/installs/ruby/2.6.1/lib/ruby/gems/2.6.0/gems/web-console-2.3.0/lib/web_console/templates/console.js.erb:491)
  Rendered /Users/cooper.sawyer/.asdf/installs/ruby/2.6.1/lib/ruby/gems/2.6.0/gems/web-console-2.3.0/lib/web_console/templates/console.js.erb within layouts/javascript (15.5ms)
  Rendering /Users/cooper.sawyer/.asdf/installs/ruby/2.6.1/lib/ruby/gems/2.6.0/gems/web-console-2.3.0/lib/web_console/templates/main.js.erb within layouts/javascript
  Rendered /Users/cooper.sawyer/.asdf/installs/ruby/2.6.1/lib/ruby/gems/2.6.0/gems/web-console-2.3.0/lib/web_console/templates/main.js.erb within layouts/javascript (0.2ms)
  Rendering /Users/cooper.sawyer/.asdf/installs/ruby/2.6.1/lib/ruby/gems/2.6.0/gems/web-console-2.3.0/lib/web_console/templates/error_page.js.erb within layouts/javascript
  Rendered /Users/cooper.sawyer/.asdf/installs/ruby/2.6.1/lib/ruby/gems/2.6.0/gems/web-console-2.3.0/lib/web_console/templates/error_page.js.erb within layouts/javascript (0.2ms)
  Rendered /Users/cooper.sawyer/.asdf/installs/ruby/2.6.1/lib/ruby/gems/2.6.0/gems/web-console-2.3.0/lib/web_console/templates/index.html.erb (30.9ms)
Started GET "/posts/2" for ::1 at 2021-10-04 10:45:31 -0400
Processing by PostsController#show as HTML
  Parameters: {"id"=>"2"}
  [1m[36mPost Load (0.1ms)[0m  [1m[34mSELECT  "posts".* FROM "posts" WHERE "posts"."id" = ? LIMIT ?[0m  [["id", 2], ["LIMIT", 1]]
Completed 404 Not Found in 1ms (ActiveRecord: 0.1ms)


  
ActiveRecord::RecordNotFound (Couldn't find Post with 'id'=2):
  
app/controllers/posts_controller.rb:7:in `show'
  Rendering /Users/cooper.sawyer/.asdf/installs/ruby/2.6.1/lib/ruby/gems/2.6.0/gems/actionpack-5.0.7.1/lib/action_dispatch/middleware/templates/rescues/diagnostics.html.erb within rescues/layout
  Rendering /Users/cooper.sawyer/.asdf/installs/ruby/2.6.1/lib/ruby/gems/2.6.0/gems/actionpack-5.0.7.1/lib/action_dispatch/middleware/templates/rescues/_source.html.erb
  Rendered /Users/cooper.sawyer/.asdf/installs/ruby/2.6.1/lib/ruby/gems/2.6.0/gems/actionpack-5.0.7.1/lib/action_dispatch/middleware/templates/rescues/_source.html.erb (1.5ms)
  Rendering /Users/cooper.sawyer/.asdf/installs/ruby/2.6.1/lib/ruby/gems/2.6.0/gems/actionpack-5.0.7.1/lib/action_dispatch/middleware/templates/rescues/_trace.html.erb
  Rendered /Users/cooper.sawyer/.asdf/installs/ruby/2.6.1/lib/ruby/gems/2.6.0/gems/actionpack-5.0.7.1/lib/action_dispatch/middleware/templates/rescues/_trace.html.erb (0.7ms)
  Rendering /Users/cooper.sawyer/.asdf/installs/ruby/2.6.1/lib/ruby/gems/2.6.0/gems/actionpack-5.0.7.1/lib/action_dispatch/middleware/templates/rescues/_request_and_response.html.erb
  Rendered /Users/cooper.sawyer/.asdf/installs/ruby/2.6.1/lib/ruby/gems/2.6.0/gems/actionpack-5.0.7.1/lib/action_dispatch/middleware/templates/rescues/_request_and_response.html.erb (0.4ms)
  Rendered /Users/cooper.sawyer/.asdf/installs/ruby/2.6.1/lib/ruby/gems/2.6.0/gems/actionpack-5.0.7.1/lib/action_dispatch/middleware/templates/rescues/diagnostics.html.erb within rescues/layout (13.4ms)
DEPRECATION WARNING: Accessing mime types via constants is deprecated. Please change `Mime::HTML` to `Mime[:html]`. (called from acceptable_content_type? at /Users/cooper.sawyer/.asdf/installs/ruby/2.6.1/lib/ruby/gems/2.6.0/gems/web-console-2.3.0/lib/web_console/middleware.rb:58)
  Rendering /Users/cooper.sawyer/.asdf/installs/ruby/2.6.1/lib/ruby/gems/2.6.0/gems/web-console-2.3.0/lib/web_console/templates/index.html.erb
  Rendered /Users/cooper.sawyer/.asdf/installs/ruby/2.6.1/lib/ruby/gems/2.6.0/gems/web-console-2.3.0/lib/web_console/templates/_markup.html.erb (0.2ms)
  Rendering /Users/cooper.sawyer/.asdf/installs/ruby/2.6.1/lib/ruby/gems/2.6.0/gems/web-console-2.3.0/lib/web_console/templates/console.js.erb within layouts/javascript
  Rendering /Users/cooper.sawyer/.asdf/installs/ruby/2.6.1/lib/ruby/gems/2.6.0/gems/web-console-2.3.0/lib/web_console/templates/_inner_console_markup.html.erb within layouts/inlined_string
  Rendered /Users/cooper.sawyer/.asdf/installs/ruby/2.6.1/lib/ruby/gems/2.6.0/gems/web-console-2.3.0/lib/web_console/templates/_inner_console_markup.html.erb within layouts/inlined_string (0.1ms)
  Rendering /Users/cooper.sawyer/.asdf/installs/ruby/2.6.1/lib/ruby/gems/2.6.0/gems/web-console-2.3.0/lib/web_console/templates/_prompt_box_markup.html.erb within layouts/inlined_string
  Rendered /Users/cooper.sawyer/.asdf/installs/ruby/2.6.1/lib/ruby/gems/2.6.0/gems/web-console-2.3.0/lib/web_console/templates/_prompt_box_markup.html.erb within layouts/inlined_string (0.1ms)
  Rendering /Users/cooper.sawyer/.asdf/installs/ruby/2.6.1/lib/ruby/gems/2.6.0/gems/web-console-2.3.0/lib/web_console/templates/style.css.erb within layouts/inlined_string
  Rendered /Users/cooper.sawyer/.asdf/installs/ruby/2.6.1/lib/ruby/gems/2.6.0/gems/web-console-2.3.0/lib/web_console/templates/style.css.erb within layouts/inlined_string (0.2ms)
DEPRECATION WARNING: Accessing mime types via constants is deprecated. Please change `Mime::WEB_CONSOLE_V2` to `Mime[:web_console_v2]`. (called from ___sers_cooper_sawyer__asdf_installs_ruby_______lib_ruby_gems_______gems_web_console_______lib_web_console_templates_console_js_erb__1786781836015088141_70119840631900 at /Users/cooper.sawyer/.asdf/installs/ruby/2.6.1/lib/ruby/gems/2.6.0/gems/web-console-2.3.0/lib/web_console/templates/console.js.erb:491)
  Rendered /Users/cooper.sawyer/.asdf/installs/ruby/2.6.1/lib/ruby/gems/2.6.0/gems/web-console-2.3.0/lib/web_console/templates/console.js.erb within layouts/javascript (12.6ms)
  Rendering /Users/cooper.sawyer/.asdf/installs/ruby/2.6.1/lib/ruby/gems/2.6.0/gems/web-console-2.3.0/lib/web_console/templates/main.js.erb within layouts/javascript
  Rendered /Users/cooper.sawyer/.asdf/installs/ruby/2.6.1/lib/ruby/gems/2.6.0/gems/web-console-2.3.0/lib/web_console/templates/main.js.erb within layouts/javascript (0.1ms)
  Rendering /Users/cooper.sawyer/.asdf/installs/ruby/2.6.1/lib/ruby/gems/2.6.0/gems/web-console-2.3.0/lib/web_console/templates/error_page.js.erb within layouts/javascript
  Rendered /Users/cooper.sawyer/.asdf/installs/ruby/2.6.1/lib/ruby/gems/2.6.0/gems/web-console-2.3.0/lib/web_console/templates/error_page.js.erb within layouts/javascript (0.2ms)
  Rendered /Users/cooper.sawyer/.asdf/installs/ruby/2.6.1/lib/ruby/gems/2.6.0/gems/web-console-2.3.0/lib/web_console/templates/index.html.erb (25.6ms)
Started GET "/posts/1" for ::1 at 2021-10-04 10:45:33 -0400
Processing by PostsController#show as HTML
  Parameters: {"id"=>"1"}
  [1m[36mPost Load (0.1ms)[0m  [1m[34mSELECT  "posts".* FROM "posts" WHERE "posts"."id" = ? LIMIT ?[0m  [["id", 1], ["LIMIT", 1]]
  Rendering posts/show.html.erb within layouts/application
  Rendered posts/show.html.erb within layouts/application (0.6ms)
Completed 200 OK in 15ms (Views: 13.4ms | ActiveRecord: 0.1ms)


Started GET "/posts/1" for ::1 at 2021-10-04 10:45:35 -0400
Processing by PostsController#show as HTML
  Parameters: {"id"=>"1"}
  [1m[36mPost Load (0.1ms)[0m  [1m[34mSELECT  "posts".* FROM "posts" WHERE "posts"."id" = ? LIMIT ?[0m  [["id", 1], ["LIMIT", 1]]
  Rendering posts/show.html.erb within layouts/application
  Rendered posts/show.html.erb within layouts/application (0.4ms)
Completed 200 OK in 12ms (Views: 10.2ms | ActiveRecord: 0.1ms)


  [1m[35m (1.0ms)[0m  [1m[35mCREATE TABLE "ar_internal_metadata" ("key" varchar NOT NULL PRIMARY KEY, "value" varchar, "created_at" datetime NOT NULL, "updated_at" datetime NOT NULL)[0m
  [1m[36mActiveRecord::SchemaMigration Load (0.1ms)[0m  [1m[34mSELECT "schema_migrations".* FROM "schema_migrations"[0m
  [1m[36mActiveRecord::InternalMetadata Load (0.1ms)[0m  [1m[34mSELECT  "ar_internal_metadata".* FROM "ar_internal_metadata" WHERE "ar_internal_metadata"."key" = ? LIMIT ?[0m  [["key", "environment"], ["LIMIT", 1]]
  [1m[35m (0.0ms)[0m  [1m[36mbegin transaction[0m
  [1m[35mSQL (0.3ms)[0m  [1m[32mINSERT INTO "ar_internal_metadata" ("key", "value", "created_at", "updated_at") VALUES (?, ?, ?, ?)[0m  [["key", "environment"], ["value", "development"], ["created_at", "2021-10-04 14:46:05.910196"], ["updated_at", "2021-10-04 14:46:05.910196"]]
  [1m[35m (0.7ms)[0m  [1m[36mcommit transaction[0m
  [1m[36mActiveRecord::SchemaMigration Load (0.1ms)[0m  [1m[34mSELECT "schema_migrations".* FROM "schema_migrations"[0m
  [1m[36mActiveRecord::SchemaMigration Load (0.0ms)[0m  [1m[34mSELECT "schema_migrations".* FROM "schema_migrations"[0m
Started GET "/posts/1" for ::1 at 2021-10-04 10:46:10 -0400
Processing by PostsController#show as HTML
  Parameters: {"id"=>"1"}
  [1m[36mPost Load (0.1ms)[0m  [1m[34mSELECT  "posts".* FROM "posts" WHERE "posts"."id" = ? LIMIT ?[0m  [["id", 1], ["LIMIT", 1]]
  Rendering posts/show.html.erb within layouts/application
  Rendered posts/show.html.erb within layouts/application (0.5ms)
Completed 200 OK in 19ms (Views: 11.2ms | ActiveRecord: 0.7ms)


Started GET "/posts/1" for ::1 at 2021-10-04 10:46:11 -0400
Processing by PostsController#show as HTML
  Parameters: {"id"=>"1"}
  [1m[36mPost Load (0.1ms)[0m  [1m[34mSELECT  "posts".* FROM "posts" WHERE "posts"."id" = ? LIMIT ?[0m  [["id", 1], ["LIMIT", 1]]
  Rendering posts/show.html.erb within layouts/application
  Rendered posts/show.html.erb within layouts/application (0.4ms)
Completed 200 OK in 12ms (Views: 10.2ms | ActiveRecord: 0.1ms)


